<?xml version="1.0" encoding="UTF-8"?>
<!-- Generated by org.testng.reporters.JUnitXMLReporter -->
<testsuite hostname="DESKTOP-UTHNJ9C" ignored="0" name="Car Loan Dept" tests="4" failures="0" timestamp="22 Apr 2020 17:01:49 GMT" time="0.031" errors="0">
  <testcase name="abc123" time="0.0" classname="test.Day3"/>
  <testcase name="abc1234" time="0.0" classname="test.Day3"/>
  <testcase name="test123" time="0.0" classname="test.Day3"/>
  <testcase name="test1234" time="0.0" classname="test.Day3"/>
</testsuite> <!-- Car Loan Dept -->
