<?xml version="1.0" encoding="UTF-8"?>
<!-- Generated by org.testng.reporters.JUnitXMLReporter -->
<testsuite hostname="DESKTOP-UTHNJ9C" ignored="0" name="Personal Loan Dept" tests="4" failures="0" timestamp="22 Apr 2020 17:01:49 GMT" time="0.048" errors="0">
  <testcase name="test123" time="0.015" classname="test.Day1"/>
  <testcase name="test1234" time="0.0" classname="test.Day1"/>
  <testcase name="test123" time="0.0" classname="test.Day2"/>
  <testcase name="test1234" time="0.0" classname="test.Day2"/>
</testsuite> <!-- Personal Loan Dept -->
