<?xml version="1.0" encoding="UTF-8"?>
<!-- Generated by org.testng.reporters.JUnitXMLReporter -->
<testsuite hostname="DESKTOP-UTHNJ9C" ignored="0" name="Smoke" tests="8" failures="1" timestamp="22 Apr 2020 18:05:28 GMT" time="0.135" errors="0">
  <testcase name="test123" time="0.016" classname="test.Day1"/>
  <testcase name="test1231" time="0.003" classname="test.Day1"/>
  <testcase name="test1234" time="0.004" classname="test.Day1"/>
  <testcase name="test1234" time="0.003" classname="test.Day1"/>
  <testcase name="test1234" time="0.003" classname="test.Day1"/>
  <testcase name="test123" time="0.017" classname="test.Day2"/>
  <testcase name="test1234" time="0.007" classname="test.Day2">
    <failure type="java.lang.AssertionError" message="expected [true] but found [false]">
      <![CDATA[java.lang.AssertionError: expected [true] but found [false]
	at test.Day2.test1234(Day2.java:16)
... Removed 29 stack frames]]>
    </failure>
  </testcase> <!-- test1234 -->
  <testcase name="test12345" time="0.002" classname="test.Day2"/>
</testsuite> <!-- Smoke -->
