<?xml version="1.0" encoding="UTF-8"?>
<!-- Generated by org.testng.reporters.JUnitXMLReporter -->
<testsuite hostname="DESKTOP-UTHNJ9C" ignored="0" name="Loan Dept" tests="4" failures="0" timestamp="22 Apr 2020 15:54:37 GMT" time="0.063" errors="0">
  <testcase name="test123" time="0.017" classname="test.Day1"/>
  <testcase name="test1234" time="0.002" classname="test.Day1"/>
  <testcase name="test123" time="0.001" classname="test.Day2"/>
  <testcase name="test1234" time="0.001" classname="test.Day2"/>
</testsuite> <!-- Loan Dept -->
