<?xml version="1.0" encoding="UTF-8"?>
<testng-results skipped="0" failed="0" ignored="0" total="3" passed="3">
  <reporter-output>
  </reporter-output>
  <suite name="Default suite" duration-ms="48" started-at="2020-04-23T07:28:54Z" finished-at="2020-04-23T07:28:54Z">
    <groups>
    </groups>
    <test name="Default test" duration-ms="48" started-at="2020-04-23T07:28:54Z" finished-at="2020-04-23T07:28:54Z">
      <class name="test.Day1">
        <test-method status="PASS" signature="test123()[pri:0, instance:test.Day1@6d78f375]" name="test123" duration-ms="14" started-at="2020-04-23T12:58:54Z" finished-at="2020-04-23T12:58:54Z">
          <reporter-output>
          </reporter-output>
        </test-method> <!-- test123 -->
        <test-method status="PASS" signature="test1231()[pri:0, instance:test.Day1@6d78f375]" name="test1231" duration-ms="2" started-at="2020-04-23T12:58:54Z" finished-at="2020-04-23T12:58:54Z">
          <reporter-output>
          </reporter-output>
        </test-method> <!-- test1231 -->
        <test-method status="PASS" signature="test1234()[pri:0, instance:test.Day1@6d78f375]" name="test1234" duration-ms="1" started-at="2020-04-23T12:58:54Z" finished-at="2020-04-23T12:58:54Z">
          <reporter-output>
          </reporter-output>
        </test-method> <!-- test1234 -->
      </class> <!-- test.Day1 -->
    </test> <!-- Default test -->
  </suite> <!-- Default suite -->
</testng-results>
